c:\users\sentr\source\repos\acidrainy\acidrainy\x64\release\vc143.pdb
c:\users\sentr\source\repos\acidrainy\acidrainy\x64\release\titlemenuscene.obj
c:\users\sentr\source\repos\acidrainy\acidrainy\x64\release\sounds.obj
c:\users\sentr\source\repos\acidrainy\acidrainy\x64\release\scene.obj
c:\users\sentr\source\repos\acidrainy\acidrainy\x64\release\retrymenuscene.obj
c:\users\sentr\source\repos\acidrainy\acidrainy\x64\release\player.obj
c:\users\sentr\source\repos\acidrainy\acidrainy\x64\release\mouse.obj
c:\users\sentr\source\repos\acidrainy\acidrainy\x64\release\main.obj
c:\users\sentr\source\repos\acidrainy\acidrainy\x64\release\keyboard.obj
c:\users\sentr\source\repos\acidrainy\acidrainy\x64\release\gameobject.obj
c:\users\sentr\source\repos\acidrainy\acidrainy\x64\release\game.obj
c:\users\sentr\source\repos\acidrainy\acidrainy\x64\release\fieldscene.obj
c:\users\sentr\source\repos\acidrainy\acidrainy\x64\release\enemy.obj
c:\users\sentr\source\repos\acidrainy\acidrainy\x64\release\cube.obj
c:\users\sentr\source\repos\acidrainy\acidrainy\x64\release\color.obj
c:\users\sentr\source\repos\acidrainy\acidrainy\x64\release\canvas.obj
c:\users\sentr\source\repos\acidrainy\acidrainy\x64\release\button.obj
c:\users\sentr\source\repos\acidrainy\x64\release\acidrainy.exe
c:\users\sentr\source\repos\acidrainy\acidrainy\x64\release\acidrainy.ipdb
c:\users\sentr\source\repos\acidrainy\x64\release\acidrainy.pdb
c:\users\sentr\source\repos\acidrainy\acidrainy\x64\release\acidrainy.iobj
c:\users\sentr\source\repos\acidrainy\acidrainy\x64\release\acidrainy.tlog\cl.command.1.tlog
c:\users\sentr\source\repos\acidrainy\acidrainy\x64\release\acidrainy.tlog\cl.read.1.tlog
c:\users\sentr\source\repos\acidrainy\acidrainy\x64\release\acidrainy.tlog\cl.write.1.tlog
c:\users\sentr\source\repos\acidrainy\acidrainy\x64\release\acidrainy.tlog\link.command.1.tlog
c:\users\sentr\source\repos\acidrainy\acidrainy\x64\release\acidrainy.tlog\link.read.1.tlog
c:\users\sentr\source\repos\acidrainy\acidrainy\x64\release\acidrainy.tlog\link.write.1.tlog
